2019-04-02 22:29:34,519 [Worker-8: Loading available Gradle versions] INFO  c.g.t.t.d.PublishedGradleVersions - Gradle version information cache is up-to-date. Trying to read.
2019-04-02 22:30:13,350 [Worker-4: Building workspace] INFO  o.e.m.c.i.l.LifecycleMappingFactory - Using org.eclipse.m2e.jdt.JarLifecycleMapping lifecycle mapping for MavenProject: study.pattern.api:account-service:1.0-SNAPSHOT @ /Users/admin/eclipse-microservices-workspace/account-service/pom.xml.
2019-04-02 22:30:14,763 [Worker-4: Building workspace] INFO  o.e.m.c.i.embedder.EclipseLogger - Using 'UTF-8' encoding to copy filtered resources.
2019-04-02 22:30:14,776 [Worker-4: Building workspace] INFO  o.e.m.c.i.embedder.EclipseLogger - Copying 1 resource
2019-04-02 22:30:14,801 [Worker-4: Building workspace] INFO  o.e.m.c.i.embedder.EclipseLogger - Copying 0 resource
2019-04-02 22:30:14,804 [Worker-4: Building workspace] INFO  o.e.m.c.i.embedder.EclipseLogger - Using 'UTF-8' encoding to copy filtered resources.
2019-04-02 22:30:14,804 [Worker-4: Building workspace] INFO  o.e.m.c.i.embedder.EclipseLogger - skip non existing resourceDirectory /Users/admin/eclipse-microservices-workspace/account-service/src/test/resources
2019-04-02 22:30:16,276 [Worker-14: Building workspace] INFO  o.e.m.c.i.embedder.EclipseLogger - Using 'UTF-8' encoding to copy filtered resources.
2019-04-02 22:30:16,289 [Worker-14: Building workspace] INFO  o.e.m.c.i.embedder.EclipseLogger - Copying 1 resource
2019-04-02 22:30:16,369 [Worker-14: Building workspace] INFO  o.e.m.c.i.embedder.EclipseLogger - Copying 0 resource
2019-04-02 22:30:16,578 [Worker-14: Building workspace] INFO  o.e.m.c.i.embedder.EclipseLogger - Using 'UTF-8' encoding to copy filtered resources.
2019-04-02 22:30:16,579 [Worker-14: Building workspace] INFO  o.e.m.c.i.embedder.EclipseLogger - skip non existing resourceDirectory /Users/admin/eclipse-microservices-workspace/account-service/src/test/resources
2019-04-02 22:30:16,583 [Worker-7: Updating Maven Dependencies] INFO  o.e.m.c.i.l.LifecycleMappingFactory - Using org.eclipse.m2e.jdt.JarLifecycleMapping lifecycle mapping for MavenProject: study.pattern.api:account-service:1.0-SNAPSHOT @ /Users/admin/eclipse-microservices-workspace/account-service/pom.xml.
2019-04-02 22:30:17,334 [Worker-7: Updating Maven Dependencies] INFO  o.e.m.c.i.l.LifecycleMappingFactory - Using org.eclipse.m2e.jdt.JarLifecycleMapping lifecycle mapping for MavenProject: study.pattern.api:customer-service:1.0-SNAPSHOT @ /Users/admin/eclipse-microservices-workspace/customer-service/pom.xml.
2019-04-02 22:30:17,491 [Worker-7: Updating Maven Dependencies] INFO  o.e.m.c.i.l.LifecycleMappingFactory - Using org.eclipse.m2e.jdt.JarLifecycleMapping lifecycle mapping for MavenProject: com.study.pattern.eureka:eureka-service-discovery:0.0.1-SNAPSHOT @ /Users/admin/eclipse-microservices-workspace/eureka-service-discovery/pom.xml.
2019-04-02 22:30:17,659 [Worker-7: Updating Maven Dependencies] INFO  o.e.m.c.i.l.LifecycleMappingFactory - Using org.eclipse.m2e.jdt.JarLifecycleMapping lifecycle mapping for MavenProject: com.study.pattern.admin:spring-boot-my-admin:0.0.1-SNAPSHOT @ /Users/admin/eclipse-microservices-workspace/spring-boot-my-admin/pom.xml.
2019-04-02 22:30:26,879 [Worker-17: Building workspace] INFO  o.e.m.c.i.embedder.EclipseLogger - Using 'UTF-8' encoding to copy filtered resources.
2019-04-02 22:30:26,880 [Worker-17: Building workspace] INFO  o.e.m.c.i.embedder.EclipseLogger - Copying 1 resource
2019-04-02 22:30:26,882 [Worker-17: Building workspace] INFO  o.e.m.c.i.embedder.EclipseLogger - Copying 0 resource
2019-04-02 22:30:26,884 [Worker-17: Building workspace] INFO  o.e.m.c.i.embedder.EclipseLogger - Using 'UTF-8' encoding to copy filtered resources.
2019-04-02 22:30:26,884 [Worker-17: Building workspace] INFO  o.e.m.c.i.embedder.EclipseLogger - skip non existing resourceDirectory /Users/admin/eclipse-microservices-workspace/account-service/src/test/resources
2019-04-02 22:30:30,469 [Worker-4: Building workspace] INFO  o.e.m.c.i.embedder.EclipseLogger - Using 'UTF-8' encoding to copy filtered resources.
2019-04-02 22:30:30,470 [Worker-4: Building workspace] INFO  o.e.m.c.i.embedder.EclipseLogger - Copying 1 resource
2019-04-02 22:30:30,471 [Worker-4: Building workspace] INFO  o.e.m.c.i.embedder.EclipseLogger - Copying 0 resource
2019-04-02 22:30:30,474 [Worker-4: Building workspace] INFO  o.e.m.c.i.embedder.EclipseLogger - Using 'UTF-8' encoding to copy filtered resources.
2019-04-02 22:30:30,475 [Worker-4: Building workspace] INFO  o.e.m.c.i.embedder.EclipseLogger - skip non existing resourceDirectory /Users/admin/eclipse-microservices-workspace/customer-service/src/test/resources
2019-04-02 22:30:31,887 [Worker-8: Updating Maven Project] INFO  o.e.m.c.i.p.ProjectConfigurationManager - Update started
2019-04-02 22:30:32,863 [Worker-8: Updating Maven Project] INFO  o.e.m.c.i.l.LifecycleMappingFactory - Using org.eclipse.m2e.jdt.JarLifecycleMapping lifecycle mapping for MavenProject: study.pattern.api:account-service:1.0-SNAPSHOT @ /Users/admin/eclipse-microservices-workspace/account-service/pom.xml.
2019-04-02 22:30:33,404 [Worker-8: Updating Maven Project] INFO  o.e.m.c.i.l.LifecycleMappingFactory - Using org.eclipse.m2e.jdt.JarLifecycleMapping lifecycle mapping for MavenProject: study.pattern.api:customer-service:1.0-SNAPSHOT @ /Users/admin/eclipse-microservices-workspace/customer-service/pom.xml.
2019-04-02 22:30:33,562 [Worker-8: Updating Maven Project] INFO  o.e.m.c.i.l.LifecycleMappingFactory - Using org.eclipse.m2e.jdt.JarLifecycleMapping lifecycle mapping for MavenProject: com.study.pattern.eureka:eureka-service-discovery:0.0.1-SNAPSHOT @ /Users/admin/eclipse-microservices-workspace/eureka-service-discovery/pom.xml.
2019-04-02 22:30:33,705 [Worker-8: Updating Maven Project] INFO  o.e.m.c.i.l.LifecycleMappingFactory - Using org.eclipse.m2e.jdt.JarLifecycleMapping lifecycle mapping for MavenProject: com.study.pattern.admin:spring-boot-my-admin:0.0.1-SNAPSHOT @ /Users/admin/eclipse-microservices-workspace/spring-boot-my-admin/pom.xml.
2019-04-02 22:30:34,387 [Worker-8: Updating Maven Project] INFO  o.e.m.j.i.AbstractJavaProjectConfigurator - Adding source folder /account-service/src/main/java
2019-04-02 22:30:34,388 [Worker-8: Updating Maven Project] INFO  o.e.m.j.i.AbstractJavaProjectConfigurator - Adding resource folder /account-service/src/main/resources
2019-04-02 22:30:34,388 [Worker-8: Updating Maven Project] INFO  o.e.m.j.i.AbstractJavaProjectConfigurator - Adding resource folder /account-service/src/main/resources
2019-04-02 22:30:34,389 [Worker-8: Updating Maven Project] INFO  o.e.m.j.i.AbstractJavaProjectConfigurator - Adding source folder /account-service/src/test/java
2019-04-02 22:30:34,620 [Worker-8: Updating Maven Project] INFO  o.e.m.j.i.AbstractJavaProjectConfigurator - Adding source folder /customer-service/src/main/java
2019-04-02 22:30:34,620 [Worker-8: Updating Maven Project] INFO  o.e.m.j.i.AbstractJavaProjectConfigurator - Adding resource folder /customer-service/src/main/resources
2019-04-02 22:30:34,620 [Worker-8: Updating Maven Project] INFO  o.e.m.j.i.AbstractJavaProjectConfigurator - Adding resource folder /customer-service/src/main/resources
2019-04-02 22:30:34,621 [Worker-8: Updating Maven Project] INFO  o.e.m.j.i.AbstractJavaProjectConfigurator - Adding source folder /customer-service/src/test/java
2019-04-02 22:30:34,757 [Worker-8: Updating Maven Project] INFO  o.e.m.j.i.AbstractJavaProjectConfigurator - Adding source folder /eureka-service-discovery/src/main/java
2019-04-02 22:30:34,758 [Worker-8: Updating Maven Project] INFO  o.e.m.j.i.AbstractJavaProjectConfigurator - Adding resource folder /eureka-service-discovery/src/main/resources
2019-04-02 22:30:34,758 [Worker-8: Updating Maven Project] INFO  o.e.m.j.i.AbstractJavaProjectConfigurator - Adding resource folder /eureka-service-discovery/src/main/resources
2019-04-02 22:30:34,759 [Worker-8: Updating Maven Project] INFO  o.e.m.j.i.AbstractJavaProjectConfigurator - Adding source folder /eureka-service-discovery/src/test/java
2019-04-02 22:30:34,874 [Worker-8: Updating Maven Project] INFO  o.e.m.j.i.AbstractJavaProjectConfigurator - Adding source folder /spring-boot-my-admin/src/main/java
2019-04-02 22:30:34,874 [Worker-8: Updating Maven Project] INFO  o.e.m.j.i.AbstractJavaProjectConfigurator - Adding resource folder /spring-boot-my-admin/src/main/resources
2019-04-02 22:30:34,874 [Worker-8: Updating Maven Project] INFO  o.e.m.j.i.AbstractJavaProjectConfigurator - Adding resource folder /spring-boot-my-admin/src/main/resources
2019-04-02 22:30:34,874 [Worker-8: Updating Maven Project] INFO  o.e.m.j.i.AbstractJavaProjectConfigurator - Adding source folder /spring-boot-my-admin/src/test/java
2019-04-02 22:30:35,235 [Worker-8: Updating Maven Project] INFO  o.e.m.c.i.p.ProjectConfigurationManager - Update completed: 3 sec
2019-04-02 22:30:38,522 [Worker-10: Building workspace] INFO  o.e.m.c.i.embedder.EclipseLogger - Using 'UTF-8' encoding to copy filtered resources.
2019-04-02 22:30:38,524 [Worker-10: Building workspace] INFO  o.e.m.c.i.embedder.EclipseLogger - Copying 1 resource
2019-04-02 22:30:38,546 [Worker-10: Building workspace] INFO  o.e.m.c.i.embedder.EclipseLogger - Copying 0 resource
2019-04-02 22:30:38,549 [Worker-10: Building workspace] INFO  o.e.m.c.i.embedder.EclipseLogger - Using 'UTF-8' encoding to copy filtered resources.
2019-04-02 22:30:38,549 [Worker-10: Building workspace] INFO  o.e.m.c.i.embedder.EclipseLogger - skip non existing resourceDirectory /Users/admin/eclipse-microservices-workspace/account-service/src/test/resources
2019-04-02 22:30:39,740 [Worker-10: Building workspace] INFO  o.e.m.c.i.embedder.EclipseLogger - Using 'UTF-8' encoding to copy filtered resources.
2019-04-02 22:30:39,741 [Worker-10: Building workspace] INFO  o.e.m.c.i.embedder.EclipseLogger - Copying 1 resource
2019-04-02 22:30:39,742 [Worker-10: Building workspace] INFO  o.e.m.c.i.embedder.EclipseLogger - Copying 0 resource
2019-04-02 22:30:39,745 [Worker-10: Building workspace] INFO  o.e.m.c.i.embedder.EclipseLogger - Using 'UTF-8' encoding to copy filtered resources.
2019-04-02 22:30:39,745 [Worker-10: Building workspace] INFO  o.e.m.c.i.embedder.EclipseLogger - skip non existing resourceDirectory /Users/admin/eclipse-microservices-workspace/customer-service/src/test/resources
2019-04-02 22:30:40,932 [Worker-6: Building workspace] INFO  o.e.m.c.i.embedder.EclipseLogger - Using 'UTF-8' encoding to copy filtered resources.
2019-04-02 22:30:40,933 [Worker-6: Building workspace] INFO  o.e.m.c.i.embedder.EclipseLogger - Copying 1 resource
2019-04-02 22:30:40,935 [Worker-6: Building workspace] INFO  o.e.m.c.i.embedder.EclipseLogger - Copying 0 resource
2019-04-02 22:30:40,937 [Worker-6: Building workspace] INFO  o.e.m.c.i.embedder.EclipseLogger - Using 'UTF-8' encoding to copy filtered resources.
2019-04-02 22:30:40,937 [Worker-6: Building workspace] INFO  o.e.m.c.i.embedder.EclipseLogger - skip non existing resourceDirectory /Users/admin/eclipse-microservices-workspace/eureka-service-discovery/src/test/resources
2019-04-02 22:30:42,540 [Worker-7: Building workspace] INFO  o.e.m.c.i.embedder.EclipseLogger - Using 'UTF-8' encoding to copy filtered resources.
2019-04-02 22:30:42,540 [Worker-7: Building workspace] INFO  o.e.m.c.i.embedder.EclipseLogger - Copying 1 resource
2019-04-02 22:30:42,541 [Worker-7: Building workspace] INFO  o.e.m.c.i.embedder.EclipseLogger - Copying 0 resource
2019-04-02 22:30:42,544 [Worker-7: Building workspace] INFO  o.e.m.c.i.embedder.EclipseLogger - Using 'UTF-8' encoding to copy filtered resources.
2019-04-02 22:30:42,544 [Worker-7: Building workspace] INFO  o.e.m.c.i.embedder.EclipseLogger - skip non existing resourceDirectory /Users/admin/eclipse-microservices-workspace/spring-boot-my-admin/src/test/resources
2019-04-02 22:42:01,112 [Worker-20: Building workspace] INFO  o.e.m.c.i.embedder.EclipseLogger - Using 'UTF-8' encoding to copy filtered resources.
2019-04-02 22:42:01,114 [Worker-20: Building workspace] INFO  o.e.m.c.i.embedder.EclipseLogger - Copying 0 resource
2019-04-02 22:42:01,114 [Worker-20: Building workspace] INFO  o.e.m.c.i.embedder.EclipseLogger - Copying 0 resource
2019-04-02 22:42:01,116 [Worker-20: Building workspace] INFO  o.e.m.c.i.embedder.EclipseLogger - Using 'UTF-8' encoding to copy filtered resources.
2019-04-02 22:42:01,116 [Worker-20: Building workspace] INFO  o.e.m.c.i.embedder.EclipseLogger - skip non existing resourceDirectory /Users/admin/eclipse-microservices-workspace/eureka-service-discovery/src/test/resources
2019-04-02 22:51:29,952 [Worker-26: Building workspace] INFO  o.e.m.c.i.embedder.EclipseLogger - Using 'UTF-8' encoding to copy filtered resources.
2019-04-02 22:51:29,955 [Worker-26: Building workspace] INFO  o.e.m.c.i.embedder.EclipseLogger - Copying 1 resource
2019-04-02 22:51:29,957 [Worker-26: Building workspace] INFO  o.e.m.c.i.embedder.EclipseLogger - Copying 0 resource
2019-04-02 22:51:29,960 [Worker-26: Building workspace] INFO  o.e.m.c.i.embedder.EclipseLogger - Using 'UTF-8' encoding to copy filtered resources.
2019-04-02 22:51:29,961 [Worker-26: Building workspace] INFO  o.e.m.c.i.embedder.EclipseLogger - skip non existing resourceDirectory /Users/admin/eclipse-microservices-workspace/eureka-service-discovery/src/test/resources
2019-04-02 23:20:34,814 [Worker-33: Launching eureka-south-india] INFO  o.e.m.c.i.embedder.EclipseLogger - Using 'UTF-8' encoding to copy filtered resources.
2019-04-02 23:20:34,815 [Worker-33: Launching eureka-south-india] INFO  o.e.m.c.i.embedder.EclipseLogger - Copying 0 resource
2019-04-02 23:20:34,815 [Worker-33: Launching eureka-south-india] INFO  o.e.m.c.i.embedder.EclipseLogger - Copying 0 resource
2019-04-02 23:20:34,817 [Worker-33: Launching eureka-south-india] INFO  o.e.m.c.i.embedder.EclipseLogger - Using 'UTF-8' encoding to copy filtered resources.
2019-04-02 23:20:34,817 [Worker-33: Launching eureka-south-india] INFO  o.e.m.c.i.embedder.EclipseLogger - skip non existing resourceDirectory /Users/admin/eclipse-microservices-workspace/eureka-service-discovery/src/test/resources
2019-04-02 23:20:34,855 [Worker-37: Launching eureka-north-india] INFO  o.e.m.c.i.embedder.EclipseLogger - Using 'UTF-8' encoding to copy filtered resources.
2019-04-02 23:20:34,855 [Worker-37: Launching eureka-north-india] INFO  o.e.m.c.i.embedder.EclipseLogger - Copying 0 resource
2019-04-02 23:20:34,856 [Worker-37: Launching eureka-north-india] INFO  o.e.m.c.i.embedder.EclipseLogger - Copying 0 resource
2019-04-02 23:20:34,858 [Worker-37: Launching eureka-north-india] INFO  o.e.m.c.i.embedder.EclipseLogger - Using 'UTF-8' encoding to copy filtered resources.
2019-04-02 23:20:34,858 [Worker-37: Launching eureka-north-india] INFO  o.e.m.c.i.embedder.EclipseLogger - skip non existing resourceDirectory /Users/admin/eclipse-microservices-workspace/eureka-service-discovery/src/test/resources
2019-04-07 11:58:19,726 [Worker-5: Loading available Gradle versions] INFO  c.g.t.t.d.PublishedGradleVersions - Gradle version information cache is up-to-date. Trying to read.
2019-04-07 11:58:26,585 [Worker-2: Building workspace] INFO  o.e.m.c.i.embedder.EclipseLogger - Using 'UTF-8' encoding to copy filtered resources.
2019-04-07 11:58:26,597 [Worker-2: Building workspace] INFO  o.e.m.c.i.embedder.EclipseLogger - Copying 1 resource
2019-04-07 11:58:26,648 [Worker-2: Building workspace] INFO  o.e.m.c.i.embedder.EclipseLogger - Copying 0 resource
2019-04-07 11:58:26,652 [Worker-2: Building workspace] INFO  o.e.m.c.i.embedder.EclipseLogger - Using 'UTF-8' encoding to copy filtered resources.
2019-04-07 11:58:26,652 [Worker-2: Building workspace] INFO  o.e.m.c.i.embedder.EclipseLogger - skip non existing resourceDirectory /Users/admin/eclipse-microservices-workspace/account-service/src/test/resources
2019-04-07 11:58:28,108 [Worker-2: Building workspace] INFO  o.e.m.c.i.embedder.EclipseLogger - Using 'UTF-8' encoding to copy filtered resources.
2019-04-07 11:58:28,109 [Worker-2: Building workspace] INFO  o.e.m.c.i.embedder.EclipseLogger - Copying 1 resource
2019-04-07 11:58:28,117 [Worker-2: Building workspace] INFO  o.e.m.c.i.embedder.EclipseLogger - Copying 0 resource
2019-04-07 11:58:28,119 [Worker-2: Building workspace] INFO  o.e.m.c.i.embedder.EclipseLogger - Using 'UTF-8' encoding to copy filtered resources.
2019-04-07 11:58:28,123 [Worker-2: Building workspace] INFO  o.e.m.c.i.embedder.EclipseLogger - skip non existing resourceDirectory /Users/admin/eclipse-microservices-workspace/eureka-service-discovery/src/test/resources
2019-04-07 12:07:44,187 [Worker-1: Loading available Gradle versions] INFO  c.g.t.t.d.PublishedGradleVersions - Gradle version information cache is up-to-date. Trying to read.
2019-04-07 12:07:51,508 [Worker-13: Building workspace] INFO  o.e.m.c.i.embedder.EclipseLogger - Using 'UTF-8' encoding to copy filtered resources.
2019-04-07 12:07:51,515 [Worker-13: Building workspace] INFO  o.e.m.c.i.embedder.EclipseLogger - Copying 1 resource
2019-04-07 12:07:51,530 [Worker-13: Building workspace] INFO  o.e.m.c.i.embedder.EclipseLogger - Copying 0 resource
2019-04-07 12:07:51,534 [Worker-13: Building workspace] INFO  o.e.m.c.i.embedder.EclipseLogger - Using 'UTF-8' encoding to copy filtered resources.
2019-04-07 12:07:51,534 [Worker-13: Building workspace] INFO  o.e.m.c.i.embedder.EclipseLogger - skip non existing resourceDirectory /Users/admin/eclipse-microservices-workspace/account-service/src/test/resources
2019-04-07 12:07:52,660 [Worker-13: Building workspace] INFO  o.e.m.c.i.embedder.EclipseLogger - Using 'UTF-8' encoding to copy filtered resources.
2019-04-07 12:07:52,660 [Worker-13: Building workspace] INFO  o.e.m.c.i.embedder.EclipseLogger - Copying 1 resource
2019-04-07 12:07:52,667 [Worker-13: Building workspace] INFO  o.e.m.c.i.embedder.EclipseLogger - Copying 0 resource
2019-04-07 12:07:52,669 [Worker-13: Building workspace] INFO  o.e.m.c.i.embedder.EclipseLogger - Using 'UTF-8' encoding to copy filtered resources.
2019-04-07 12:07:52,669 [Worker-13: Building workspace] INFO  o.e.m.c.i.embedder.EclipseLogger - skip non existing resourceDirectory /Users/admin/eclipse-microservices-workspace/customer-service/src/test/resources
2019-04-07 12:07:53,328 [Worker-13: Building workspace] INFO  o.e.m.c.i.embedder.EclipseLogger - Using 'UTF-8' encoding to copy filtered resources.
2019-04-07 12:07:53,329 [Worker-13: Building workspace] INFO  o.e.m.c.i.embedder.EclipseLogger - Copying 1 resource
2019-04-07 12:07:53,330 [Worker-13: Building workspace] INFO  o.e.m.c.i.embedder.EclipseLogger - Copying 0 resource
2019-04-07 12:07:53,333 [Worker-13: Building workspace] INFO  o.e.m.c.i.embedder.EclipseLogger - Using 'UTF-8' encoding to copy filtered resources.
2019-04-07 12:07:53,333 [Worker-13: Building workspace] INFO  o.e.m.c.i.embedder.EclipseLogger - skip non existing resourceDirectory /Users/admin/eclipse-microservices-workspace/eureka-service-discovery/src/test/resources
2019-04-07 12:07:53,896 [Worker-13: Building workspace] INFO  o.e.m.c.i.embedder.EclipseLogger - Using 'UTF-8' encoding to copy filtered resources.
2019-04-07 12:07:53,897 [Worker-13: Building workspace] INFO  o.e.m.c.i.embedder.EclipseLogger - Copying 1 resource
2019-04-07 12:07:53,900 [Worker-13: Building workspace] INFO  o.e.m.c.i.embedder.EclipseLogger - Copying 0 resource
2019-04-07 12:07:53,902 [Worker-13: Building workspace] INFO  o.e.m.c.i.embedder.EclipseLogger - Using 'UTF-8' encoding to copy filtered resources.
2019-04-07 12:07:53,902 [Worker-13: Building workspace] INFO  o.e.m.c.i.embedder.EclipseLogger - skip non existing resourceDirectory /Users/admin/eclipse-microservices-workspace/spring-boot-my-admin/src/test/resources
